<?xml version="1.0" encoding="UTF-8"?>
<testng-results skipped="0" failed="0" ignored="0" total="3" passed="3">
  <reporter-output>
  </reporter-output>
  <suite name="Group of group Suite" duration-ms="64" started-at="2018-05-16T12:50:01Z" finished-at="2018-05-16T12:50:01Z">
    <groups>
    </groups>
    <test name="Jenkins Life Cycle Test" duration-ms="33" started-at="2018-05-16T12:50:01Z" finished-at="2018-05-16T12:50:01Z">
      <class name="test.TestNgMavenExampleTest">
        <test-method status="PASS" signature="testStringCompare()[pri:0, instance:test.TestNgMavenExampleTest@4cdbe50f]" name="testStringCompare" duration-ms="9" started-at="2018-05-16T12:50:01Z" finished-at="2018-05-16T12:50:01Z">
          <reporter-output>
          </reporter-output>
        </test-method> <!-- testStringCompare -->
        <test-method status="PASS" signature="testNullablity()[pri:1, instance:test.TestNgMavenExampleTest@4cdbe50f]" name="testNullablity" duration-ms="0" started-at="2018-05-16T12:50:01Z" finished-at="2018-05-16T12:50:01Z">
          <reporter-output>
          </reporter-output>
        </test-method> <!-- testNullablity -->
      </class> <!-- test.TestNgMavenExampleTest -->
    </test> <!-- Jenkins Life Cycle Test -->
    <test name="Jenkins Life Cycle Test 2" duration-ms="1" started-at="2018-05-16T12:50:01Z" finished-at="2018-05-16T12:50:01Z">
      <class name="test.TestNgMavenExampleTest2">
        <test-method status="PASS" signature="testEquality()[pri:0, instance:test.TestNgMavenExampleTest2@6a5fc7f7]" name="testEquality" duration-ms="1" started-at="2018-05-16T12:50:01Z" finished-at="2018-05-16T12:50:01Z">
          <reporter-output>
          </reporter-output>
        </test-method> <!-- testEquality -->
      </class> <!-- test.TestNgMavenExampleTest2 -->
    </test> <!-- Jenkins Life Cycle Test 2 -->
  </suite> <!-- Group of group Suite -->
</testng-results>
