<?xml version="1.0" encoding="UTF-8"?>
<testng-results skipped="0" failed="0" ignored="0" total="1" passed="1">
  <reporter-output>
  </reporter-output>
  <suite name="Group of group Suite" duration-ms="23" started-at="2018-05-14T12:21:06Z" finished-at="2018-05-14T12:21:06Z">
    <groups>
    </groups>
    <test name="Group of group Test" duration-ms="23" started-at="2018-05-14T12:21:06Z" finished-at="2018-05-14T12:21:06Z">
      <class name="test.TestNgMavenExampleTest">
        <test-method status="PASS" signature="exampleOfTestNgMaven()[pri:0, instance:test.TestNgMavenExampleTest@7e0babb1]" name="exampleOfTestNgMaven" duration-ms="7" started-at="2018-05-14T12:21:06Z" finished-at="2018-05-14T12:21:06Z">
          <reporter-output>
          </reporter-output>
        </test-method> <!-- exampleOfTestNgMaven -->
      </class> <!-- test.TestNgMavenExampleTest -->
    </test> <!-- Group of group Test -->
  </suite> <!-- Group of group Suite -->
</testng-results>
